Дата и время вызова функции: 2025-02-16 17:02:04
имя функции: hello_world
аргументы, с которыми вызвалась функция: () и {}
возвращаемое значение: Hello World
Дата и время вызова функции: 2025-02-16 17:02:04
имя функции: summator
аргументы, с которыми вызвалась функция: (2, 2) и {}
возвращаемое значение: 4
Дата и время вызова функции: 2025-02-16 17:02:04
имя функции: div
аргументы, с которыми вызвалась функция: (6, 2) и {}
возвращаемое значение: 3.0
Дата и время вызова функции: 2025-02-16 17:02:04
имя функции: summator
аргументы, с которыми вызвалась функция: (4.3,) и {'b': 2.2}
возвращаемое значение: 6.5
Дата и время вызова функции: 2025-02-16 17:02:04
имя функции: summator
аргументы, с которыми вызвалась функция: () и {'a': 0, 'b': 0}
возвращаемое значение: 0
